#
# There is insufficient memory for the Java Runtime Environment to continue.
# Native memory allocation (malloc) failed to allocate 1037776 bytes for Chunk::new
# Possible reasons:
#   The system is out of physical RAM or swap space
#   The process is running with CompressedOops enabled, and the Java Heap may be blocking the growth of the native heap
# Possible solutions:
#   Reduce memory load on the system
#   Increase physical memory or swap space
#   Check if swap backing store is full
#   Decrease Java heap size (-Xmx/-Xms)
#   Decrease number of Java threads
#   Decrease Java thread stack sizes (-Xss)
#   Set larger code cache with -XX:ReservedCodeCacheSize=
#   JVM is running with Unscaled Compressed Oops mode in which the Java heap is
#     placed in the first 4GB address space. The Java Heap base address is the
#     maximum limit for the native heap growth. Please use -XX:HeapBaseMinAddress
#     to set the Java Heap base and to place the Java Heap above 4GB virtual address.
# This output file may be truncated or incomplete.
#
#  Out of Memory Error (./open/src/hotspot/share/memory/arena.cpp:195), pid=12268, tid=4136
#
# JRE version: Java(TM) SE Runtime Environment (14.0.2+12) (build 14.0.2+12-46)
# Java VM: Java HotSpot(TM) 64-Bit Server VM (14.0.2+12-46, mixed mode, sharing, tiered, compressed oops, g1 gc, windows-amd64)
# No core dump will be written. Minidumps are not enabled by default on client versions of Windows
#

---------------  S U M M A R Y ------------

Command Line: -Dfile.encoding=UTF-8 com.example.kysely.KyselyApplication

Host: Intel(R) Core(TM) i3-7100U CPU @ 2.40GHz, 4 cores, 7G,  Windows 10 , 64 bit Build 14393 (10.0.14393.4350)
Time: Tue Apr 20 14:12:02 2021 Suomen kesäaika elapsed time: 3 seconds (0d 0h 0m 3s)

---------------  T H R E A D  ---------------

Current thread (0x000001a4b72ad000):  JavaThread "C2 CompilerThread0" daemon [_thread_in_native, id=4136, stack(0x00000096fa500000,0x00000096fa600000)]


Current CompileTask:
C2:   3681 1894       4       jdk.internal.org.objectweb.asm.Frame::execute (2305 bytes)

Stack: [0x00000096fa500000,0x00000096fa600000]
Native frames: (J=compiled Java code, j=interpreted, Vv=VM code, C=native code)
V  [jvm.dll+0x5f8a9a]
V  [jvm.dll+0x74247a]
V  [jvm.dll+0x743c2f]
V  [jvm.dll+0x744273]
V  [jvm.dll+0x20d288]
V  [jvm.dll+0xabb07]
V  [jvm.dll+0xac1fc]
V  [jvm.dll+0x276db4]
V  [jvm.dll+0x50cffa]
V  [jvm.dll+0x1ee1da]
V  [jvm.dll+0x1e7cfb]
V  [jvm.dll+0x1e4f98]
V  [jvm.dll+0x1779cc]
V  [jvm.dll+0x1f4105]
V  [jvm.dll+0x1f22eb]
V  [jvm.dll+0x7070cd]
V  [jvm.dll+0x6ffeda]
V  [jvm.dll+0x5f78f6]
C  [ucrtbase.dll+0x1fb80]
C  [KERNEL32.DLL+0x84d4]
C  [ntdll.dll+0x51781]


---------------  P R O C E S S  ---------------

Threads class SMR info:
_java_thread_list=0x000001a4b8bc12b0, length=15, elements={
0x000001a498abe800, 0x000001a4b7286800, 0x000001a4b7287800, 0x000001a4b729f800,
0x000001a4b72a3000, 0x000001a4b72a4000, 0x000001a4b72ad000, 0x000001a4b72de800,
0x000001a4b7c17800, 0x000001a4b7ce1800, 0x000001a4b7d14000, 0x000001a4b8960800,
0x000001a4b8961800, 0x000001a4b8a25800, 0x000001a4b9110000
}

Java Threads: ( => current thread )
  0x000001a498abe800 JavaThread "main" [_thread_blocked, id=14084, stack(0x00000096f9900000,0x00000096f9a00000)]
  0x000001a4b7286800 JavaThread "Reference Handler" daemon [_thread_blocked, id=13804, stack(0x00000096fa000000,0x00000096fa100000)]
  0x000001a4b7287800 JavaThread "Finalizer" daemon [_thread_blocked, id=3556, stack(0x00000096fa100000,0x00000096fa200000)]
  0x000001a4b729f800 JavaThread "Signal Dispatcher" daemon [_thread_blocked, id=13616, stack(0x00000096fa200000,0x00000096fa300000)]
  0x000001a4b72a3000 JavaThread "Attach Listener" daemon [_thread_blocked, id=9544, stack(0x00000096fa300000,0x00000096fa400000)]
  0x000001a4b72a4000 JavaThread "Service Thread" daemon [_thread_blocked, id=11928, stack(0x00000096fa400000,0x00000096fa500000)]
=>0x000001a4b72ad000 JavaThread "C2 CompilerThread0" daemon [_thread_in_native, id=4136, stack(0x00000096fa500000,0x00000096fa600000)]
  0x000001a4b72de800 JavaThread "C1 CompilerThread0" daemon [_thread_blocked, id=14400, stack(0x00000096fa600000,0x00000096fa700000)]
  0x000001a4b7c17800 JavaThread "Sweeper thread" daemon [_thread_blocked, id=8560, stack(0x00000096fa700000,0x00000096fa800000)]
  0x000001a4b7ce1800 JavaThread "Notification Thread" daemon [_thread_blocked, id=11996, stack(0x00000096fa800000,0x00000096fa900000)]
  0x000001a4b7d14000 JavaThread "Common-Cleaner" daemon [_thread_blocked, id=3108, stack(0x00000096faa00000,0x00000096fab00000)]
  0x000001a4b8960800 JavaThread "Thread-0" [_thread_blocked, id=10972, stack(0x00000096faf00000,0x00000096fb000000)]
  0x000001a4b8961800 JavaThread "restartedMain" [_thread_in_vm, id=13364, stack(0x00000096fb000000,0x00000096fb100000)]
  0x000001a4b8a25800 JavaThread "background-preinit" [_thread_in_native, id=11236, stack(0x00000096fb200000,0x00000096fb300000)]
  0x000001a4b9110000 JavaThread "C2 CompilerThread1" daemon [_thread_in_native, id=10664, stack(0x00000096fb400000,0x00000096fb500000)]

Other Threads:
  0x000001a4b7285800 VMThread "VM Thread" [stack: 0x00000096f9f00000,0x00000096fa000000] [id=2328]
  0x000001a4b7cfe000 WatcherThread [stack: 0x00000096fa900000,0x00000096faa00000] [id=12968]
  0x000001a498b00000 GCTaskThread "GC Thread#0" [stack: 0x00000096f9a00000,0x00000096f9b00000] [id=1668]
  0x000001a4b82f1000 GCTaskThread "GC Thread#1" [stack: 0x00000096fac00000,0x00000096fad00000] [id=15092]
  0x000001a4b82f1800 GCTaskThread "GC Thread#2" [stack: 0x00000096fad00000,0x00000096fae00000] [id=4432]
  0x000001a4b8fa2800 GCTaskThread "GC Thread#3" [stack: 0x00000096fb300000,0x00000096fb400000] [id=7156]
  0x000001a498b11000 ConcurrentGCThread "G1 Main Marker" [stack: 0x00000096f9b00000,0x00000096f9c00000] [id=14904]
  0x000001a498b13800 ConcurrentGCThread "G1 Conc#0" [stack: 0x00000096f9c00000,0x00000096f9d00000] [id=8176]
  0x000001a498b8d800 ConcurrentGCThread "G1 Refine#0" [stack: 0x00000096f9d00000,0x00000096f9e00000] [id=6468]
  0x000001a4b8399800 ConcurrentGCThread "G1 Refine#1" [stack: 0x00000096fae00000,0x00000096faf00000] [id=15352]
  0x000001a4b70fa800 ConcurrentGCThread "G1 Young RemSet Sampling" [stack: 0x00000096f9e00000,0x00000096f9f00000] [id=5344]

Threads with active compile tasks:
C2 CompilerThread0     3719 1894       4       jdk.internal.org.objectweb.asm.Frame::execute (2305 bytes)
C2 CompilerThread1     3719 1926       4       java.net.URLStreamHandler::setURL (73 bytes)

VM state:not at safepoint (normal execution)

VM Mutex/Monitor currently owned by a thread: None

Heap address: 0x0000000081800000, size: 2024 MB, Compressed Oops mode: 32-bit
Narrow klass base: 0x0000000800000000, Narrow klass shift: 3
Compressed class space size: 1073741824 Address: 0x0000000800b30000

Heap:
 garbage-first heap   total 131072K, used 25802K [0x0000000081800000, 0x0000000100000000)
  region size 1024K, 20 young (20480K), 3 survivors (3072K)
 Metaspace       used 14536K, capacity 15068K, committed 15360K, reserved 1062912K
  class space    used 1973K, capacity 2178K, committed 2304K, reserved 1048576K
Heap Regions: E=young(eden), S=young(survivor), O=old, HS=humongous(starts), HC=humongous(continues), CS=collection set, F=free, OA=open archive, CA=closed archive, TAMS=top-at-mark-start (previous, next)
|   0|0x0000000081800000, 0x0000000081900000, 0x0000000081900000|100%|HS|  |TAMS 0x0000000081800000, 0x0000000081800000| Complete 
|   1|0x0000000081900000, 0x0000000081a00000, 0x0000000081a00000|100%| O|  |TAMS 0x0000000081900000, 0x0000000081900000| Untracked 
|   2|0x0000000081a00000, 0x0000000081b00000, 0x0000000081b00000|100%| O|  |TAMS 0x0000000081a00000, 0x0000000081a00000| Untracked 
|   3|0x0000000081b00000, 0x0000000081c00000, 0x0000000081c00000|100%| O|  |TAMS 0x0000000081b00000, 0x0000000081b00000| Untracked 
|   4|0x0000000081c00000, 0x0000000081d00000, 0x0000000081d00000|100%| O|  |TAMS 0x0000000081c00000, 0x0000000081c00000| Untracked 
|   5|0x0000000081d00000, 0x0000000081e00000, 0x0000000081e00000|100%| O|  |TAMS 0x0000000081d00000, 0x0000000081d00000| Untracked 
|   6|0x0000000081e00000, 0x0000000081e5e000, 0x0000000081f00000| 36%| O|  |TAMS 0x0000000081e00000, 0x0000000081e00000| Untracked 
|   7|0x0000000081f00000, 0x0000000081f00000, 0x0000000082000000|  0%| F|  |TAMS 0x0000000081f00000, 0x0000000081f00000| Untracked 
|   8|0x0000000082000000, 0x0000000082000000, 0x0000000082100000|  0%| F|  |TAMS 0x0000000082000000, 0x0000000082000000| Untracked 
|   9|0x0000000082100000, 0x0000000082100000, 0x0000000082200000|  0%| F|  |TAMS 0x0000000082100000, 0x0000000082100000| Untracked 
|  10|0x0000000082200000, 0x0000000082200000, 0x0000000082300000|  0%| F|  |TAMS 0x0000000082200000, 0x0000000082200000| Untracked 
|  11|0x0000000082300000, 0x0000000082300000, 0x0000000082400000|  0%| F|  |TAMS 0x0000000082300000, 0x0000000082300000| Untracked 
|  12|0x0000000082400000, 0x0000000082400000, 0x0000000082500000|  0%| F|  |TAMS 0x0000000082400000, 0x0000000082400000| Untracked 
|  13|0x0000000082500000, 0x0000000082500000, 0x0000000082600000|  0%| F|  |TAMS 0x0000000082500000, 0x0000000082500000| Untracked 
|  14|0x0000000082600000, 0x0000000082600000, 0x0000000082700000|  0%| F|  |TAMS 0x0000000082600000, 0x0000000082600000| Untracked 
|  15|0x0000000082700000, 0x0000000082700000, 0x0000000082800000|  0%| F|  |TAMS 0x0000000082700000, 0x0000000082700000| Untracked 
|  16|0x0000000082800000, 0x0000000082800000, 0x0000000082900000|  0%| F|  |TAMS 0x0000000082800000, 0x0000000082800000| Untracked 
|  17|0x0000000082900000, 0x0000000082900000, 0x0000000082a00000|  0%| F|  |TAMS 0x0000000082900000, 0x0000000082900000| Untracked 
|  18|0x0000000082a00000, 0x0000000082a00000, 0x0000000082b00000|  0%| F|  |TAMS 0x0000000082a00000, 0x0000000082a00000| Untracked 
|  19|0x0000000082b00000, 0x0000000082b00000, 0x0000000082c00000|  0%| F|  |TAMS 0x0000000082b00000, 0x0000000082b00000| Untracked 
|  20|0x0000000082c00000, 0x0000000082c00000, 0x0000000082d00000|  0%| F|  |TAMS 0x0000000082c00000, 0x0000000082c00000| Untracked 
|  21|0x0000000082d00000, 0x0000000082d00000, 0x0000000082e00000|  0%| F|  |TAMS 0x0000000082d00000, 0x0000000082d00000| Untracked 
|  22|0x0000000082e00000, 0x0000000082e00000, 0x0000000082f00000|  0%| F|  |TAMS 0x0000000082e00000, 0x0000000082e00000| Untracked 
|  23|0x0000000082f00000, 0x0000000082f00000, 0x0000000083000000|  0%| F|  |TAMS 0x0000000082f00000, 0x0000000082f00000| Untracked 
|  24|0x0000000083000000, 0x0000000083000000, 0x0000000083100000|  0%| F|  |TAMS 0x0000000083000000, 0x0000000083000000| Untracked 
|  25|0x0000000083100000, 0x0000000083100000, 0x0000000083200000|  0%| F|  |TAMS 0x0000000083100000, 0x0000000083100000| Untracked 
|  26|0x0000000083200000, 0x0000000083200000, 0x0000000083300000|  0%| F|  |TAMS 0x0000000083200000, 0x0000000083200000| Untracked 
|  27|0x0000000083300000, 0x0000000083300000, 0x0000000083400000|  0%| F|  |TAMS 0x0000000083300000, 0x0000000083300000| Untracked 
|  28|0x0000000083400000, 0x0000000083400000, 0x0000000083500000|  0%| F|  |TAMS 0x0000000083400000, 0x0000000083400000| Untracked 
|  29|0x0000000083500000, 0x0000000083500000, 0x0000000083600000|  0%| F|  |TAMS 0x0000000083500000, 0x0000000083500000| Untracked 
|  30|0x0000000083600000, 0x0000000083600000, 0x0000000083700000|  0%| F|  |TAMS 0x0000000083600000, 0x0000000083600000| Untracked 
|  31|0x0000000083700000, 0x0000000083700000, 0x0000000083800000|  0%| F|  |TAMS 0x0000000083700000, 0x0000000083700000| Untracked 
|  32|0x0000000083800000, 0x0000000083800000, 0x0000000083900000|  0%| F|  |TAMS 0x0000000083800000, 0x0000000083800000| Untracked 
|  33|0x0000000083900000, 0x0000000083900000, 0x0000000083a00000|  0%| F|  |TAMS 0x0000000083900000, 0x0000000083900000| Untracked 
|  34|0x0000000083a00000, 0x0000000083a00000, 0x0000000083b00000|  0%| F|  |TAMS 0x0000000083a00000, 0x0000000083a00000| Untracked 
|  35|0x0000000083b00000, 0x0000000083b00000, 0x0000000083c00000|  0%| F|  |TAMS 0x0000000083b00000, 0x0000000083b00000| Untracked 
|  36|0x0000000083c00000, 0x0000000083c00000, 0x0000000083d00000|  0%| F|  |TAMS 0x0000000083c00000, 0x0000000083c00000| Untracked 
|  37|0x0000000083d00000, 0x0000000083d00000, 0x0000000083e00000|  0%| F|  |TAMS 0x0000000083d00000, 0x0000000083d00000| Untracked 
|  38|0x0000000083e00000, 0x0000000083e00000, 0x0000000083f00000|  0%| F|  |TAMS 0x0000000083e00000, 0x0000000083e00000| Untracked 
|  39|0x0000000083f00000, 0x0000000083f00000, 0x0000000084000000|  0%| F|  |TAMS 0x0000000083f00000, 0x0000000083f00000| Untracked 
|  40|0x0000000084000000, 0x0000000084000000, 0x0000000084100000|  0%| F|  |TAMS 0x0000000084000000, 0x0000000084000000| Untracked 
|  41|0x0000000084100000, 0x0000000084100000, 0x0000000084200000|  0%| F|  |TAMS 0x0000000084100000, 0x0000000084100000| Untracked 
|  42|0x0000000084200000, 0x0000000084200000, 0x0000000084300000|  0%| F|  |TAMS 0x0000000084200000, 0x0000000084200000| Untracked 
|  43|0x0000000084300000, 0x0000000084300000, 0x0000000084400000|  0%| F|  |TAMS 0x0000000084300000, 0x0000000084300000| Untracked 
|  44|0x0000000084400000, 0x0000000084400000, 0x0000000084500000|  0%| F|  |TAMS 0x0000000084400000, 0x0000000084400000| Untracked 
|  45|0x0000000084500000, 0x0000000084500000, 0x0000000084600000|  0%| F|  |TAMS 0x0000000084500000, 0x0000000084500000| Untracked 
|  46|0x0000000084600000, 0x0000000084600000, 0x0000000084700000|  0%| F|  |TAMS 0x0000000084600000, 0x0000000084600000| Untracked 
|  47|0x0000000084700000, 0x0000000084700000, 0x0000000084800000|  0%| F|  |TAMS 0x0000000084700000, 0x0000000084700000| Untracked 
|  48|0x0000000084800000, 0x0000000084800000, 0x0000000084900000|  0%| F|  |TAMS 0x0000000084800000, 0x0000000084800000| Untracked 
|  49|0x0000000084900000, 0x00000000849d4988, 0x0000000084a00000| 83%| S|CS|TAMS 0x0000000084900000, 0x0000000084900000| Complete 
|  50|0x0000000084a00000, 0x0000000084b00000, 0x0000000084b00000|100%| S|CS|TAMS 0x0000000084a00000, 0x0000000084a00000| Complete 
|  51|0x0000000084b00000, 0x0000000084c00000, 0x0000000084c00000|100%| S|CS|TAMS 0x0000000084b00000, 0x0000000084b00000| Complete 
|  52|0x0000000084c00000, 0x0000000084c00000, 0x0000000084d00000|  0%| F|  |TAMS 0x0000000084c00000, 0x0000000084c00000| Untracked 
|  53|0x0000000084d00000, 0x0000000084d00000, 0x0000000084e00000|  0%| F|  |TAMS 0x0000000084d00000, 0x0000000084d00000| Untracked 
|  54|0x0000000084e00000, 0x0000000084e00000, 0x0000000084f00000|  0%| F|  |TAMS 0x0000000084e00000, 0x0000000084e00000| Untracked 
|  55|0x0000000084f00000, 0x0000000084f00000, 0x0000000085000000|  0%| F|  |TAMS 0x0000000084f00000, 0x0000000084f00000| Untracked 
|  56|0x0000000085000000, 0x0000000085000000, 0x0000000085100000|  0%| F|  |TAMS 0x0000000085000000, 0x0000000085000000| Untracked 
|  57|0x0000000085100000, 0x0000000085100000, 0x0000000085200000|  0%| F|  |TAMS 0x0000000085100000, 0x0000000085100000| Untracked 
|  58|0x0000000085200000, 0x0000000085200000, 0x0000000085300000|  0%| F|  |TAMS 0x0000000085200000, 0x0000000085200000| Untracked 
|  59|0x0000000085300000, 0x0000000085300000, 0x0000000085400000|  0%| F|  |TAMS 0x0000000085300000, 0x0000000085300000| Untracked 
|  60|0x0000000085400000, 0x0000000085400000, 0x0000000085500000|  0%| F|  |TAMS 0x0000000085400000, 0x0000000085400000| Untracked 
|  61|0x0000000085500000, 0x0000000085500000, 0x0000000085600000|  0%| F|  |TAMS 0x0000000085500000, 0x0000000085500000| Untracked 
|  62|0x0000000085600000, 0x0000000085600000, 0x0000000085700000|  0%| F|  |TAMS 0x0000000085600000, 0x0000000085600000| Untracked 
|  63|0x0000000085700000, 0x0000000085700000, 0x0000000085800000|  0%| F|  |TAMS 0x0000000085700000, 0x0000000085700000| Untracked 
|  64|0x0000000085800000, 0x0000000085800000, 0x0000000085900000|  0%| F|  |TAMS 0x0000000085800000, 0x0000000085800000| Untracked 
|  65|0x0000000085900000, 0x0000000085900000, 0x0000000085a00000|  0%| F|  |TAMS 0x0000000085900000, 0x0000000085900000| Untracked 
|  66|0x0000000085a00000, 0x0000000085a00000, 0x0000000085b00000|  0%| F|  |TAMS 0x0000000085a00000, 0x0000000085a00000| Untracked 
|  67|0x0000000085b00000, 0x0000000085b00000, 0x0000000085c00000|  0%| F|  |TAMS 0x0000000085b00000, 0x0000000085b00000| Untracked 
|  68|0x0000000085c00000, 0x0000000085c00000, 0x0000000085d00000|  0%| F|  |TAMS 0x0000000085c00000, 0x0000000085c00000| Untracked 
|  69|0x0000000085d00000, 0x0000000085d00000, 0x0000000085e00000|  0%| F|  |TAMS 0x0000000085d00000, 0x0000000085d00000| Untracked 
|  70|0x0000000085e00000, 0x0000000085e00000, 0x0000000085f00000|  0%| F|  |TAMS 0x0000000085e00000, 0x0000000085e00000| Untracked 
|  71|0x0000000085f00000, 0x0000000085f00000, 0x0000000086000000|  0%| F|  |TAMS 0x0000000085f00000, 0x0000000085f00000| Untracked 
|  72|0x0000000086000000, 0x0000000086000000, 0x0000000086100000|  0%| F|  |TAMS 0x0000000086000000, 0x0000000086000000| Untracked 
|  73|0x0000000086100000, 0x0000000086100000, 0x0000000086200000|  0%| F|  |TAMS 0x0000000086100000, 0x0000000086100000| Untracked 
|  74|0x0000000086200000, 0x0000000086200000, 0x0000000086300000|  0%| F|  |TAMS 0x0000000086200000, 0x0000000086200000| Untracked 
|  75|0x0000000086300000, 0x0000000086300000, 0x0000000086400000|  0%| F|  |TAMS 0x0000000086300000, 0x0000000086300000| Untracked 
|  76|0x0000000086400000, 0x0000000086400000, 0x0000000086500000|  0%| F|  |TAMS 0x0000000086400000, 0x0000000086400000| Untracked 
|  77|0x0000000086500000, 0x0000000086500000, 0x0000000086600000|  0%| F|  |TAMS 0x0000000086500000, 0x0000000086500000| Untracked 
|  78|0x0000000086600000, 0x0000000086600000, 0x0000000086700000|  0%| F|  |TAMS 0x0000000086600000, 0x0000000086600000| Untracked 
|  79|0x0000000086700000, 0x0000000086700000, 0x0000000086800000|  0%| F|  |TAMS 0x0000000086700000, 0x0000000086700000| Untracked 
|  80|0x0000000086800000, 0x0000000086800000, 0x0000000086900000|  0%| F|  |TAMS 0x0000000086800000, 0x0000000086800000| Untracked 
|  81|0x0000000086900000, 0x0000000086900000, 0x0000000086a00000|  0%| F|  |TAMS 0x0000000086900000, 0x0000000086900000| Untracked 
|  82|0x0000000086a00000, 0x0000000086a00000, 0x0000000086b00000|  0%| F|  |TAMS 0x0000000086a00000, 0x0000000086a00000| Untracked 
|  83|0x0000000086b00000, 0x0000000086b00000, 0x0000000086c00000|  0%| F|  |TAMS 0x0000000086b00000, 0x0000000086b00000| Untracked 
|  84|0x0000000086c00000, 0x0000000086c00000, 0x0000000086d00000|  0%| F|  |TAMS 0x0000000086c00000, 0x0000000086c00000| Untracked 
|  85|0x0000000086d00000, 0x0000000086d00000, 0x0000000086e00000|  0%| F|  |TAMS 0x0000000086d00000, 0x0000000086d00000| Untracked 
|  86|0x0000000086e00000, 0x0000000086e00000, 0x0000000086f00000|  0%| F|  |TAMS 0x0000000086e00000, 0x0000000086e00000| Untracked 
|  87|0x0000000086f00000, 0x0000000086f00000, 0x0000000087000000|  0%| F|  |TAMS 0x0000000086f00000, 0x0000000086f00000| Untracked 
|  88|0x0000000087000000, 0x0000000087000000, 0x0000000087100000|  0%| F|  |TAMS 0x0000000087000000, 0x0000000087000000| Untracked 
|  89|0x0000000087100000, 0x0000000087100000, 0x0000000087200000|  0%| F|  |TAMS 0x0000000087100000, 0x0000000087100000| Untracked 
|  90|0x0000000087200000, 0x0000000087200000, 0x0000000087300000|  0%| F|  |TAMS 0x0000000087200000, 0x0000000087200000| Untracked 
|  91|0x0000000087300000, 0x0000000087300000, 0x0000000087400000|  0%| F|  |TAMS 0x0000000087300000, 0x0000000087300000| Untracked 
|  92|0x0000000087400000, 0x0000000087400000, 0x0000000087500000|  0%| F|  |TAMS 0x0000000087400000, 0x0000000087400000| Untracked 
|  93|0x0000000087500000, 0x0000000087500000, 0x0000000087600000|  0%| F|  |TAMS 0x0000000087500000, 0x0000000087500000| Untracked 
|  94|0x0000000087600000, 0x0000000087600000, 0x0000000087700000|  0%| F|  |TAMS 0x0000000087600000, 0x0000000087600000| Untracked 
|  95|0x0000000087700000, 0x0000000087700000, 0x0000000087800000|  0%| F|  |TAMS 0x0000000087700000, 0x0000000087700000| Untracked 
|  96|0x0000000087800000, 0x0000000087800000, 0x0000000087900000|  0%| F|  |TAMS 0x0000000087800000, 0x0000000087800000| Untracked 
|  97|0x0000000087900000, 0x0000000087900000, 0x0000000087a00000|  0%| F|  |TAMS 0x0000000087900000, 0x0000000087900000| Untracked 
|  98|0x0000000087a00000, 0x0000000087a00000, 0x0000000087b00000|  0%| F|  |TAMS 0x0000000087a00000, 0x0000000087a00000| Untracked 
|  99|0x0000000087b00000, 0x0000000087b00000, 0x0000000087c00000|  0%| F|  |TAMS 0x0000000087b00000, 0x0000000087b00000| Untracked 
| 100|0x0000000087c00000, 0x0000000087c00000, 0x0000000087d00000|  0%| F|  |TAMS 0x0000000087c00000, 0x0000000087c00000| Untracked 
| 101|0x0000000087d00000, 0x0000000087d00000, 0x0000000087e00000|  0%| F|  |TAMS 0x0000000087d00000, 0x0000000087d00000| Untracked 
| 102|0x0000000087e00000, 0x0000000087e00000, 0x0000000087f00000|  0%| F|  |TAMS 0x0000000087e00000, 0x0000000087e00000| Untracked 
| 103|0x0000000087f00000, 0x0000000087f00000, 0x0000000088000000|  0%| F|  |TAMS 0x0000000087f00000, 0x0000000087f00000| Untracked 
| 104|0x0000000088000000, 0x0000000088000000, 0x0000000088100000|  0%| F|  |TAMS 0x0000000088000000, 0x0000000088000000| Untracked 
| 105|0x0000000088100000, 0x0000000088100000, 0x0000000088200000|  0%| F|  |TAMS 0x0000000088100000, 0x0000000088100000| Untracked 
| 106|0x0000000088200000, 0x0000000088200000, 0x0000000088300000|  0%| F|  |TAMS 0x0000000088200000, 0x0000000088200000| Untracked 
| 107|0x0000000088300000, 0x0000000088300000, 0x0000000088400000|  0%| F|  |TAMS 0x0000000088300000, 0x0000000088300000| Untracked 
| 108|0x0000000088400000, 0x0000000088400000, 0x0000000088500000|  0%| F|  |TAMS 0x0000000088400000, 0x0000000088400000| Untracked 
| 109|0x0000000088500000, 0x0000000088500000, 0x0000000088600000|  0%| F|  |TAMS 0x0000000088500000, 0x0000000088500000| Untracked 
| 110|0x0000000088600000, 0x0000000088600000, 0x0000000088700000|  0%| F|  |TAMS 0x0000000088600000, 0x0000000088600000| Untracked 
| 111|0x0000000088700000, 0x0000000088800000, 0x0000000088800000|100%| E|  |TAMS 0x0000000088700000, 0x0000000088700000| Complete 
| 112|0x0000000088800000, 0x0000000088900000, 0x0000000088900000|100%| E|CS|TAMS 0x0000000088800000, 0x0000000088800000| Complete 
| 113|0x0000000088900000, 0x0000000088a00000, 0x0000000088a00000|100%| E|CS|TAMS 0x0000000088900000, 0x0000000088900000| Complete 
| 114|0x0000000088a00000, 0x0000000088b00000, 0x0000000088b00000|100%| E|CS|TAMS 0x0000000088a00000, 0x0000000088a00000| Complete 
| 115|0x0000000088b00000, 0x0000000088c00000, 0x0000000088c00000|100%| E|CS|TAMS 0x0000000088b00000, 0x0000000088b00000| Complete 
| 116|0x0000000088c00000, 0x0000000088d00000, 0x0000000088d00000|100%| E|CS|TAMS 0x0000000088c00000, 0x0000000088c00000| Complete 
| 117|0x0000000088d00000, 0x0000000088e00000, 0x0000000088e00000|100%| E|CS|TAMS 0x0000000088d00000, 0x0000000088d00000| Complete 
| 118|0x0000000088e00000, 0x0000000088f00000, 0x0000000088f00000|100%| E|CS|TAMS 0x0000000088e00000, 0x0000000088e00000| Complete 
| 119|0x0000000088f00000, 0x0000000089000000, 0x0000000089000000|100%| E|CS|TAMS 0x0000000088f00000, 0x0000000088f00000| Complete 
| 120|0x0000000089000000, 0x0000000089100000, 0x0000000089100000|100%| E|CS|TAMS 0x0000000089000000, 0x0000000089000000| Complete 
| 121|0x0000000089100000, 0x0000000089200000, 0x0000000089200000|100%| E|CS|TAMS 0x0000000089100000, 0x0000000089100000| Complete 
| 122|0x0000000089200000, 0x0000000089300000, 0x0000000089300000|100%| E|CS|TAMS 0x0000000089200000, 0x0000000089200000| Complete 
| 123|0x0000000089300000, 0x0000000089400000, 0x0000000089400000|100%| E|CS|TAMS 0x0000000089300000, 0x0000000089300000| Complete 
| 124|0x0000000089400000, 0x0000000089500000, 0x0000000089500000|100%| E|CS|TAMS 0x0000000089400000, 0x0000000089400000| Complete 
| 125|0x0000000089500000, 0x0000000089600000, 0x0000000089600000|100%| E|CS|TAMS 0x0000000089500000, 0x0000000089500000| Complete 
| 126|0x0000000089600000, 0x0000000089700000, 0x0000000089700000|100%| E|CS|TAMS 0x0000000089600000, 0x0000000089600000| Complete 
| 127|0x0000000089700000, 0x0000000089800000, 0x0000000089800000|100%| E|CS|TAMS 0x0000000089700000, 0x0000000089700000| Complete 

Card table byte_map: [0x000001a4b0660000,0x000001a4b0a60000] _byte_map_base: 0x000001a4b0254000

Marking Bits (Prev, Next): (CMBitMap*) 0x000001a498b009a8, (CMBitMap*) 0x000001a498b009e8
 Prev Bits: [0x000001a4b0e60000, 0x000001a4b2e00000)
 Next Bits: [0x000001a4b2e00000, 0x000001a4b4da0000)

Polling page: 0x000001a4969d0000

Metaspace:

Usage:
  Non-class:     12.59 MB capacity,    12.31 MB ( 98%) used,   238.32 KB (  2%) free+waste,    49.88 KB ( <1%) overhead. 
      Class:      2.13 MB capacity,     1.93 MB ( 91%) used,   175.48 KB (  8%) free+waste,    26.38 KB (  1%) overhead. 
       Both:     14.72 MB capacity,    14.24 MB ( 97%) used,   413.80 KB (  3%) free+waste,    76.25 KB ( <1%) overhead. 

Virtual space:
  Non-class space:       14.00 MB reserved,      12.75 MB ( 91%) committed 
      Class space:        1.00 GB reserved,       2.25 MB ( <1%) committed 
             Both:        1.01 GB reserved,      15.00 MB (  1%) committed 

Chunk freelists:
   Non-Class:  34.00 KB
       Class:  28.00 KB
        Both:  62.00 KB

MaxMetaspaceSize: 17179869184.00 GB
CompressedClassSpaceSize: 1.00 GB

CodeHeap 'non-profiled nmethods': size=120000Kb used=793Kb max_used=793Kb free=119207Kb
 bounds [0x000001a4a8d30000, 0x000001a4a8fa0000, 0x000001a4b0260000]
CodeHeap 'profiled nmethods': size=120000Kb used=3857Kb max_used=3857Kb free=116142Kb
 bounds [0x000001a4a1800000, 0x000001a4a1bd0000, 0x000001a4a8d30000]
CodeHeap 'non-nmethods': size=5760Kb used=1207Kb max_used=1233Kb free=4552Kb
 bounds [0x000001a4a1260000, 0x000001a4a14d0000, 0x000001a4a1800000]
 total_blobs=2454 nmethods=1987 adapters=379
 compilation: enabled
              stopped_count=0, restarted_count=0
 full_count=0

Compilation events (20 events):
Event: 3.640 Thread 0x000001a4b72de800 nmethod 1968 0x000001a4a8df2110 code [0x000001a4a8df22a0, 0x000001a4a8df2378]
Event: 3.641 Thread 0x000001a4b72de800 1969       3       java.lang.reflect.Executable::equalParamTypes (36 bytes)
Event: 3.641 Thread 0x000001a4b72de800 nmethod 1969 0x000001a4a1bbbe10 code [0x000001a4a1bbbfc0, 0x000001a4a1bbc278]
Event: 3.645 Thread 0x000001a4b72de800 1971       3       sun.reflect.annotation.AnnotatedTypeFactory::isArray (35 bytes)
Event: 3.645 Thread 0x000001a4b72de800 nmethod 1971 0x000001a4a1bbc390 code [0x000001a4a1bbc560, 0x000001a4a1bbcaa8]
Event: 3.646 Thread 0x000001a4b72de800 1972       1       java.util.ArrayList$ArrayListSpliterator::characteristics (4 bytes)
Event: 3.646 Thread 0x000001a4b72de800 nmethod 1972 0x000001a4a8df2910 code [0x000001a4a8df2aa0, 0x000001a4a8df2b78]
Event: 3.646 Thread 0x000001a4b72de800 1973       3       org.springframework.core.annotation.AttributeMethods::indexOf (37 bytes)
Event: 3.646 Thread 0x000001a4b72de800 nmethod 1973 0x000001a4a1bbcb90 code [0x000001a4a1bbcd40, 0x000001a4a1bbcfe8]
Event: 3.646 Thread 0x000001a4b72de800 1975       3       org.springframework.core.annotation.TypeMappedAnnotations::access$100 (7 bytes)
Event: 3.646 Thread 0x000001a4b72de800 nmethod 1975 0x000001a4a1bbd110 code [0x000001a4a1bbd2a0, 0x000001a4a1bbd3a8]
Event: 3.646 Thread 0x000001a4b72de800 1974       1       org.springframework.core.annotation.PackagesAnnotationFilter::hashCode (5 bytes)
Event: 3.646 Thread 0x000001a4b72de800 nmethod 1974 0x000001a4a8df2c10 code [0x000001a4a8df2da0, 0x000001a4a8df2e78]
Event: 3.653 Thread 0x000001a4b72de800 1977  s    3       java.util.Properties::put (10 bytes)
Event: 3.653 Thread 0x000001a4b72de800 nmethod 1977 0x000001a4a1bbd490 code [0x000001a4a1bbd640, 0x000001a4a1bbd988]
Event: 3.654 Thread 0x000001a4b9110000 1976       4       java.util.Properties$LineReader::readLine (584 bytes)
Event: 3.663 Thread 0x000001a4b72de800 1979 %     3       java.util.Properties::load0 @ 29 (249 bytes)
Event: 3.665 Thread 0x000001a4b72de800 nmethod 1979% 0x000001a4a1bbda90 code [0x000001a4a1bbdd00, 0x000001a4a1bbeb88]
Event: 3.667 Thread 0x000001a4b72de800 1980       3       java.util.Properties::load0 (249 bytes)
Event: 3.668 Thread 0x000001a4b72de800 nmethod 1980 0x000001a4a1bbf090 code [0x000001a4a1bbf2e0, 0x000001a4a1bc0008]

GC Heap History (8 events):
Event: 1.152 GC heap before
{Heap before GC invocations=0 (full 0):
 garbage-first heap   total 131072K, used 13312K [0x0000000081800000, 0x0000000100000000)
  region size 1024K, 13 young (13312K), 0 survivors (0K)
 Metaspace       used 2330K, capacity 5494K, committed 5632K, reserved 1056768K
  class space    used 226K, capacity 510K, committed 512K, reserved 1048576K
}
Event: 1.161 GC heap after
{Heap after GC invocations=1 (full 0):
 garbage-first heap   total 131072K, used 6374K [0x0000000081800000, 0x0000000100000000)
  region size 1024K, 2 young (2048K), 2 survivors (2048K)
 Metaspace       used 2330K, capacity 5494K, committed 5632K, reserved 1056768K
  class space    used 226K, capacity 510K, committed 512K, reserved 1048576K
}
Event: 1.427 GC heap before
{Heap before GC invocations=1 (full 0):
 garbage-first heap   total 131072K, used 14566K [0x0000000081800000, 0x0000000100000000)
  region size 1024K, 11 young (11264K), 2 survivors (2048K)
 Metaspace       used 3874K, capacity 6488K, committed 6656K, reserved 1056768K
  class space    used 421K, capacity 674K, committed 768K, reserved 1048576K
}
Event: 1.431 GC heap after
{Heap after GC invocations=2 (full 0):
 garbage-first heap   total 131072K, used 6954K [0x0000000081800000, 0x0000000100000000)
  region size 1024K, 1 young (1024K), 1 survivors (1024K)
 Metaspace       used 3874K, capacity 6488K, committed 6656K, reserved 1056768K
  class space    used 421K, capacity 674K, committed 768K, reserved 1048576K
}
Event: 1.511 GC heap before
{Heap before GC invocations=2 (full 0):
 garbage-first heap   total 131072K, used 30506K [0x0000000081800000, 0x0000000100000000)
  region size 1024K, 25 young (25600K), 1 survivors (1024K)
 Metaspace       used 4480K, capacity 6684K, committed 6912K, reserved 1056768K
  class space    used 495K, capacity 698K, committed 768K, reserved 1048576K
}
Event: 1.512 GC heap after
{Heap after GC invocations=3 (full 0):
 garbage-first heap   total 131072K, used 7151K [0x0000000081800000, 0x0000000100000000)
  region size 1024K, 1 young (1024K), 1 survivors (1024K)
 Metaspace       used 4480K, capacity 6684K, committed 6912K, reserved 1056768K
  class space    used 495K, capacity 698K, committed 768K, reserved 1048576K
}
Event: 3.290 GC heap before
{Heap before GC invocations=3 (full 0):
 garbage-first heap   total 131072K, used 82927K [0x0000000081800000, 0x0000000100000000)
  region size 1024K, 76 young (77824K), 1 survivors (1024K)
 Metaspace       used 12922K, capacity 13442K, committed 13824K, reserved 1060864K
  class space    used 1742K, capacity 1921K, committed 2048K, reserved 1048576K
}
Event: 3.302 GC heap after
{Heap after GC invocations=4 (full 0):
 garbage-first heap   total 131072K, used 9418K [0x0000000081800000, 0x0000000100000000)
  region size 1024K, 3 young (3072K), 3 survivors (3072K)
 Metaspace       used 12922K, capacity 13442K, committed 13824K, reserved 1060864K
  class space    used 1742K, capacity 1921K, committed 2048K, reserved 1048576K
}

Deoptimization events (20 events):
Event: 3.662 Thread 0x000001a4b8961800 DEOPT PACKING pc=0x000001a4a19303e1 sp=0x00000096fb0fddb0
Event: 3.662 Thread 0x000001a4b8961800 DEOPT UNPACKING pc=0x000001a4a12a964e sp=0x00000096fb0fd2a8 mode 0
Event: 3.663 Thread 0x000001a4b8961800 DEOPT PACKING pc=0x000001a4a1926c4e sp=0x00000096fb0fdd70
Event: 3.663 Thread 0x000001a4b8961800 DEOPT UNPACKING pc=0x000001a4a12a964e sp=0x00000096fb0fd2b0 mode 0
Event: 3.664 Thread 0x000001a4b8961800 DEOPT PACKING pc=0x000001a4a19303e1 sp=0x00000096fb0fddb0
Event: 3.664 Thread 0x000001a4b8961800 DEOPT UNPACKING pc=0x000001a4a12a964e sp=0x00000096fb0fd2a8 mode 0
Event: 3.664 Thread 0x000001a4b8961800 DEOPT PACKING pc=0x000001a4a1926c4e sp=0x00000096fb0fdd70
Event: 3.664 Thread 0x000001a4b8961800 DEOPT UNPACKING pc=0x000001a4a12a964e sp=0x00000096fb0fd2b0 mode 0
Event: 3.667 Thread 0x000001a4b8961800 DEOPT PACKING pc=0x000001a4a1bbe9c1 sp=0x00000096fb0fde40
Event: 3.667 Thread 0x000001a4b8961800 DEOPT UNPACKING pc=0x000001a4a12a964e sp=0x00000096fb0fd378 mode 0
Event: 3.667 Thread 0x000001a4b8961800 DEOPT PACKING pc=0x000001a4a19303e1 sp=0x00000096fb0fddb0
Event: 3.667 Thread 0x000001a4b8961800 DEOPT UNPACKING pc=0x000001a4a12a964e sp=0x00000096fb0fd2a8 mode 0
Event: 3.668 Thread 0x000001a4b8961800 DEOPT PACKING pc=0x000001a4a1926c4e sp=0x00000096fb0fdd70
Event: 3.668 Thread 0x000001a4b8961800 DEOPT UNPACKING pc=0x000001a4a12a964e sp=0x00000096fb0fd2b0 mode 0
Event: 3.669 Thread 0x000001a4b8961800 DEOPT PACKING pc=0x000001a4a19303e1 sp=0x00000096fb0fdd50
Event: 3.669 Thread 0x000001a4b8961800 DEOPT UNPACKING pc=0x000001a4a12a964e sp=0x00000096fb0fd240 mode 0
Event: 3.669 Thread 0x000001a4b8961800 DEOPT PACKING pc=0x000001a4a1926c4e sp=0x00000096fb0fdd30
Event: 3.669 Thread 0x000001a4b8961800 DEOPT UNPACKING pc=0x000001a4a12a964e sp=0x00000096fb0fd248 mode 0
Event: 3.671 Thread 0x000001a4b8961800 DEOPT PACKING pc=0x000001a4a1bbe9c1 sp=0x00000096fb0fde40
Event: 3.671 Thread 0x000001a4b8961800 DEOPT UNPACKING pc=0x000001a4a12a964e sp=0x00000096fb0fd378 mode 0

Classes unloaded (0 events):
No events

Classes redefined (0 events):
No events

Internal exceptions (20 events):
Event: 2.308 Thread 0x000001a4b8961800 Exception <a 'java/lang/NoSuchMethodError'{0x0000000086ea2e40}: 'void java.lang.invoke.DirectMethodHandle$Holder.invokeVirtual(java.lang.Object, java.lang.Object, java.lang.Object, java.lang.Object)'> (0x0000000086ea2e40) 
thrown [./open/src/hotspot/share/interpreter/linkResolver.cpp, line 766]
Event: 2.414 Thread 0x000001a4b8961800 Exception <a 'java/lang/NoSuchMethodError'{0x0000000086c09738}: 'void java.lang.invoke.DirectMethodHandle$Holder.invokeSpecial(java.lang.Object, java.lang.Object, java.lang.Object, java.lang.Object, java.lang.Object)'> (0x0000000086c09738) 
thrown [./open/src/hotspot/share/interpreter/linkResolver.cpp, line 766]
Event: 2.471 Thread 0x000001a4b8961800 Exception <a 'java/lang/NoSuchMethodError'{0x00000000869a3618}: 'int java.lang.invoke.DirectMethodHandle$Holder.invokeSpecialIFC(java.lang.Object, java.lang.Object, int)'> (0x00000000869a3618) 
thrown [./open/src/hotspot/share/interpreter/linkResolver.cpp, line 766]
Event: 2.692 Thread 0x000001a4b8961800 Exception <a 'java/lang/NoSuchMethodError'{0x0000000086080ac0}: 'org.slf4j.impl.StaticMDCBinder org.slf4j.impl.StaticMDCBinder.getSingleton()'> (0x0000000086080ac0) 
thrown [./open/src/hotspot/share/interpreter/linkResolver.cpp, line 766]
Event: 2.978 Thread 0x000001a4b8961800 Exception <a 'java/lang/NoSuchMethodError'{0x00000000859a7838}: 'int java.lang.invoke.DirectMethodHandle$Holder.invokeInterface(java.lang.Object, java.lang.Object)'> (0x00000000859a7838) 
thrown [./open/src/hotspot/share/interpreter/linkResolver.cpp, line 766]
Event: 3.244 Thread 0x000001a4b8961800 Exception <a 'java/lang/ClassNotFoundException'{0x0000000084faf710}: java/lang/ObjectCustomizer> (0x0000000084faf710) 
thrown [./open/src/hotspot/share/classfile/systemDictionary.cpp, line 226]
Event: 3.250 Thread 0x000001a4b8961800 Exception <a 'java/lang/IncompatibleClassChangeError'{0x0000000084fb45e0}: Found class java.lang.Object, but interface was expected> (0x0000000084fb45e0) 
thrown [./open/src/hotspot/share/interpreter/linkResolver.cpp, line 832]
Event: 3.270 Thread 0x000001a4b8961800 Exception <a 'java/lang/ClassNotFoundException'{0x0000000084ff0110}: org/springframework/context/annotation/ConfigurationClassPostProcessorCustomizer> (0x0000000084ff0110) 
thrown [./open/src/hotspot/share/classfile/systemDictionary.cpp, line 226]
Event: 3.276 Thread 0x000001a4b8961800 Exception <a 'java/lang/ClassNotFoundException'{0x0000000084c27ac8}: org/springframework/beans/factory/support/BeanDefinitionRegistryPostProcessorCustomizer> (0x0000000084c27ac8) 
thrown [./open/src/hotspot/share/classfile/systemDictionary.cpp, line 226]
Event: 3.279 Thread 0x000001a4b8961800 Exception <a 'java/lang/ClassNotFoundException'{0x0000000084c3e1c0}: org/springframework/beans/factory/config/BeanFactoryPostProcessorCustomizer> (0x0000000084c3e1c0) 
thrown [./open/src/hotspot/share/classfile/systemDictionary.cpp, line 226]
Event: 3.280 Thread 0x000001a4b8961800 Exception <a 'java/lang/ClassNotFoundException'{0x0000000084c50a50}: org/springframework/core/PriorityOrderedCustomizer> (0x0000000084c50a50) 
thrown [./open/src/hotspot/share/classfile/systemDictionary.cpp, line 226]
Event: 3.281 Thread 0x000001a4b8961800 Exception <a 'java/lang/ClassNotFoundException'{0x0000000084c60cd0}: org/springframework/core/OrderedCustomizer> (0x0000000084c60cd0) 
thrown [./open/src/hotspot/share/classfile/systemDictionary.cpp, line 226]
Event: 3.283 Thread 0x000001a4b8961800 Exception <a 'java/lang/ClassNotFoundException'{0x0000000084c74098}: org/springframework/context/ResourceLoaderAwareCustomizer> (0x0000000084c74098) 
thrown [./open/src/hotspot/share/classfile/systemDictionary.cpp, line 226]
Event: 3.303 Thread 0x000001a4b8961800 Exception <a 'java/lang/ClassNotFoundException'{0x0000000089774858}: org/springframework/beans/factory/AwareCustomizer> (0x0000000089774858) 
thrown [./open/src/hotspot/share/classfile/systemDictionary.cpp, line 226]
Event: 3.343 Thread 0x000001a4b8961800 Exception <a 'java/lang/ClassNotFoundException'{0x0000000089787a88}: org/springframework/context/ApplicationStartupAwareCustomizer> (0x0000000089787a88) 
thrown [./open/src/hotspot/share/classfile/systemDictionary.cpp, line 226]
Event: 3.344 Thread 0x000001a4b8961800 Exception <a 'java/lang/ClassNotFoundException'{0x0000000089799f98}: org/springframework/beans/factory/AwareCustomizer> (0x0000000089799f98) 
thrown [./open/src/hotspot/share/classfile/systemDictionary.cpp, line 226]
Event: 3.350 Thread 0x000001a4b8961800 Exception <a 'java/lang/ClassNotFoundException'{0x00000000897ad6d8}: org/springframework/beans/factory/BeanClassLoaderAwareCustomizer> (0x00000000897ad6d8) 
thrown [./open/src/hotspot/share/classfile/systemDictionary.cpp, line 226]
Event: 3.353 Thread 0x000001a4b8961800 Exception <a 'java/lang/ClassNotFoundException'{0x00000000897bf988}: org/springframework/beans/factory/AwareCustomizer> (0x00000000897bf988) 
thrown [./open/src/hotspot/share/classfile/systemDictionary.cpp, line 226]
Event: 3.354 Thread 0x000001a4b8961800 Exception <a 'java/lang/ClassNotFoundException'{0x00000000897d1bd8}: org/springframework/context/EnvironmentAwareCustomizer> (0x00000000897d1bd8) 
thrown [./open/src/hotspot/share/classfile/systemDictionary.cpp, line 226]
Event: 3.359 Thread 0x000001a4b8961800 Exception <a 'java/lang/ClassNotFoundException'{0x00000000897e3e00}: org/springframework/beans/factory/AwareCustomizer> (0x00000000897e3e00) 
thrown [./open/src/hotspot/share/classfile/systemDictionary.cpp, line 226]

Events (20 events):
Event: 3.451 Executing VM operation: HandshakeOneThread
Event: 3.451 Executing VM operation: HandshakeOneThread done
Event: 3.451 Executing VM operation: HandshakeOneThread
Event: 3.453 Executing VM operation: HandshakeOneThread done
Event: 3.453 Executing VM operation: HandshakeOneThread
Event: 3.453 Executing VM operation: HandshakeOneThread done
Event: 3.471 loading class java/util/regex/Pattern$LazyLoop
Event: 3.471 loading class java/util/regex/Pattern$Loop
Event: 3.471 loading class java/util/regex/Pattern$Loop done
Event: 3.471 loading class java/util/regex/Pattern$LazyLoop done
Event: 3.471 loading class java/util/regex/Pattern$Prolog
Event: 3.471 loading class java/util/regex/Pattern$Prolog done
Event: 3.484 Executing VM operation: HandshakeOneThread
Event: 3.484 Executing VM operation: HandshakeOneThread done
Event: 3.502 loading class java/lang/Deprecated
Event: 3.502 loading class java/lang/Deprecated done
Event: 3.609 loading class jdk/internal/loader/BootLoader$PackageHelper
Event: 3.609 loading class jdk/internal/loader/BootLoader$PackageHelper done
Event: 3.654 Thread 0x000001a4b9110000 Thread added: 0x000001a4b9110000
Event: 3.672 Executing VM operation: HandshakeOneThread


Dynamic libraries:
0x00007ff6235a0000 - 0x00007ff6235af000 	C:\Program Files\Java\jdk-14.0.2\bin\javaw.exe
0x00007ffcade60000 - 0x00007ffcae02f000 	C:\WINDOWS\SYSTEM32\ntdll.dll
0x00007ffcab400000 - 0x00007ffcab4ac000 	C:\WINDOWS\System32\KERNEL32.DLL
0x00007ffcaa960000 - 0x00007ffcaab7e000 	C:\WINDOWS\System32\KERNELBASE.dll
0x00007ffcaab80000 - 0x00007ffcaac74000 	C:\WINDOWS\System32\ucrtbase.dll
0x00007ffca0af0000 - 0x00007ffca0b08000 	C:\Program Files\Java\jdk-14.0.2\bin\jli.dll
0x00007ffcab4e0000 - 0x00007ffcab582000 	C:\WINDOWS\System32\ADVAPI32.dll
0x00007ffcabaf0000 - 0x00007ffcabb8e000 	C:\WINDOWS\System32\msvcrt.dll
0x00007ffcadbc0000 - 0x00007ffcadc19000 	C:\WINDOWS\System32\sechost.dll
0x00007ffcad620000 - 0x00007ffcad73f000 	C:\WINDOWS\System32\RPCRT4.dll
0x00007ffcabb90000 - 0x00007ffcabcf6000 	C:\WINDOWS\System32\USER32.dll
0x00007ffcaa600000 - 0x00007ffcaa61e000 	C:\WINDOWS\System32\win32u.dll
0x00007ffcad430000 - 0x00007ffcad464000 	C:\WINDOWS\System32\GDI32.dll
0x00007ffcaa7d0000 - 0x00007ffcaa953000 	C:\WINDOWS\System32\gdi32full.dll
0x00007ffc9fd80000 - 0x00007ffc9fd95000 	C:\Program Files\Java\jdk-14.0.2\bin\VCRUNTIME140.dll
0x00007ffc96ad0000 - 0x00007ffc96d4a000 	C:\WINDOWS\WinSxS\amd64_microsoft.windows.common-controls_6595b64144ccf1df_6.0.14393.4169_none_7de0bbf28341b1f2\COMCTL32.dll
0x00007ffcad8f0000 - 0x00007ffcadbb6000 	C:\WINDOWS\System32\combase.dll
0x00007ffcaa3c0000 - 0x00007ffcaa42b000 	C:\WINDOWS\System32\bcryptPrimitives.dll
0x00007ffc9f1b0000 - 0x00007ffc9f1ba000 	C:\WINDOWS\SYSTEM32\VERSION.dll
0x00007ffcab4b0000 - 0x00007ffcab4de000 	C:\WINDOWS\System32\IMM32.DLL
0x00007ffc84540000 - 0x00007ffc845db000 	C:\Program Files\Java\jdk-14.0.2\bin\msvcp140.dll
0x00007ffc59eb0000 - 0x00007ffc5a9ce000 	C:\Program Files\Java\jdk-14.0.2\bin\server\jvm.dll
0x00007ffcad470000 - 0x00007ffcad478000 	C:\WINDOWS\System32\PSAPI.DLL
0x00007ffc9d090000 - 0x00007ffc9d099000 	C:\WINDOWS\SYSTEM32\WSOCK32.dll
0x00007ffca8700000 - 0x00007ffca8723000 	C:\WINDOWS\SYSTEM32\WINMM.dll
0x00007ffcadc30000 - 0x00007ffcadc9a000 	C:\WINDOWS\System32\WS2_32.dll
0x00007ffca86d0000 - 0x00007ffca86fb000 	C:\WINDOWS\SYSTEM32\WINMMBASE.dll
0x00007ffcaa6d0000 - 0x00007ffcaa712000 	C:\WINDOWS\System32\cfgmgr32.dll
0x00007ffcaa350000 - 0x00007ffcaa35f000 	C:\WINDOWS\System32\kernel.appcore.dll
0x00007ffca6080000 - 0x00007ffca608a000 	C:\Program Files\Java\jdk-14.0.2\bin\jimage.dll
0x00007ffca3950000 - 0x00007ffca3ae2000 	C:\WINDOWS\SYSTEM32\DBGHELP.DLL
0x00007ffca68d0000 - 0x00007ffca68f9000 	C:\WINDOWS\SYSTEM32\dbgcore.DLL
0x00007ffc85290000 - 0x00007ffc852b5000 	C:\Program Files\Java\jdk-14.0.2\bin\java.dll
0x00007ffc94780000 - 0x00007ffc94796000 	C:\Program Files\Java\jdk-14.0.2\bin\zip.dll
0x00007ffcabf20000 - 0x00007ffcad425000 	C:\WINDOWS\System32\SHELL32.dll
0x00007ffcaac80000 - 0x00007ffcab353000 	C:\WINDOWS\System32\windows.storage.dll
0x00007ffcaa300000 - 0x00007ffcaa34c000 	C:\WINDOWS\System32\powrprof.dll
0x00007ffcadca0000 - 0x00007ffcadcf2000 	C:\WINDOWS\System32\shlwapi.dll
0x00007ffcaa620000 - 0x00007ffcaa6c8000 	C:\WINDOWS\System32\shcore.dll
0x00007ffcaa2e0000 - 0x00007ffcaa2f4000 	C:\WINDOWS\System32\profapi.dll
0x00007ffc8aa70000 - 0x00007ffc8aa89000 	C:\Program Files\Java\jdk-14.0.2\bin\net.dll
0x00007ffc9d7b0000 - 0x00007ffc9d87d000 	C:\WINDOWS\SYSTEM32\WINHTTP.dll
0x00007ffca9ba0000 - 0x00007ffca9bfd000 	C:\WINDOWS\system32\mswsock.dll
0x00007ffc88300000 - 0x00007ffc88312000 	C:\Program Files\Java\jdk-14.0.2\bin\nio.dll
0x00007ffca5bd0000 - 0x00007ffca5be0000 	C:\Program Files\Java\jdk-14.0.2\bin\verify.dll
0x00007ffca6040000 - 0x00007ffca6049000 	C:\Program Files\Java\jdk-14.0.2\bin\management.dll
0x00007ffca5a60000 - 0x00007ffca5a6b000 	C:\Program Files\Java\jdk-14.0.2\bin\management_ext.dll
0x00007ffc91b90000 - 0x00007ffc91ba6000 	C:\WINDOWS\system32\napinsp.dll
0x00007ffc91b70000 - 0x00007ffc91b8a000 	C:\WINDOWS\system32\pnrpnsp.dll
0x00007ffca6cc0000 - 0x00007ffca6cd8000 	C:\WINDOWS\system32\NLAapi.dll
0x00007ffca9920000 - 0x00007ffca99c2000 	C:\WINDOWS\SYSTEM32\DNSAPI.dll
0x00007ffcadc20000 - 0x00007ffcadc28000 	C:\WINDOWS\System32\NSI.dll
0x00007ffca98e0000 - 0x00007ffca9918000 	C:\WINDOWS\SYSTEM32\IPHLPAPI.DLL
0x00007ffc91b60000 - 0x00007ffc91b6e000 	C:\WINDOWS\System32\winrnr.dll
0x00007ffc91b40000 - 0x00007ffc91b55000 	C:\WINDOWS\System32\wshbth.dll
0x0000000050540000 - 0x0000000050566000 	C:\Program Files\Bonjour\mdnsNSP.dll
0x00007ffc9d1b0000 - 0x00007ffc9d1ba000 	C:\Windows\System32\rasadhlp.dll
0x00007ffca4660000 - 0x00007ffca46ca000 	C:\WINDOWS\System32\fwpuclnt.dll
0x00007ffcaa210000 - 0x00007ffcaa23b000 	C:\WINDOWS\SYSTEM32\bcrypt.dll

dbghelp: loaded successfully - version: 4.0.5 - missing functions: none
symbol engine: initialized successfully - sym options: 0x614 - pdb path: .;C:\Program Files\Java\jdk-14.0.2\bin;C:\WINDOWS\SYSTEM32;C:\WINDOWS\WinSxS\amd64_microsoft.windows.common-controls_6595b64144ccf1df_6.0.14393.4169_none_7de0bbf28341b1f2;C:\Program Files\Java\jdk-14.0.2\bin\server;C:\Program Files\Bonjour

VM Arguments:
jvm_args: -Dfile.encoding=UTF-8 
java_command: com.example.kysely.KyselyApplication
java_class_path (initial): C:\Users\Noora\Documents\ohjelmistoprojekti_1\sysorepoq\target\classes;C:\Users\Noora\.m2\repository\org\springframework\boot\spring-boot-starter-web\2.4.4\spring-boot-starter-web-2.4.4.jar;C:\Users\Noora\.m2\repository\org\springframework\boot\spring-boot-starter\2.4.4\spring-boot-starter-2.4.4.jar;C:\Users\Noora\.m2\repository\org\springframework\boot\spring-boot-starter-logging\2.4.4\spring-boot-starter-logging-2.4.4.jar;C:\Users\Noora\.m2\repository\ch\qos\logback\logback-classic\1.2.3\logback-classic-1.2.3.jar;C:\Users\Noora\.m2\repository\ch\qos\logback\logback-core\1.2.3\logback-core-1.2.3.jar;C:\Users\Noora\.m2\repository\org\apache\logging\log4j\log4j-to-slf4j\2.13.3\log4j-to-slf4j-2.13.3.jar;C:\Users\Noora\.m2\repository\org\apache\logging\log4j\log4j-api\2.13.3\log4j-api-2.13.3.jar;C:\Users\Noora\.m2\repository\org\slf4j\jul-to-slf4j\1.7.30\jul-to-slf4j-1.7.30.jar;C:\Users\Noora\.m2\repository\jakarta\annotation\jakarta.annotation-api\1.3.5\jakarta.annotation-api-1.3.5.jar;C:\Users\Noora\.m2\repository\org\yaml\snakeyaml\1.27\snakeyaml-1.27.jar;C:\Users\Noora\.m2\repository\org\springframework\boot\spring-boot-starter-json\2.4.4\spring-boot-starter-json-2.4.4.jar;C:\Users\Noora\.m2\repository\com\fasterxml\jackson\core\jackson-databind\2.11.4\jackson-databind-2.11.4.jar;C:\Users\Noora\.m2\repository\com\fasterxml\jackson\core\jackson-core\2.11.4\jackson-core-2.11.4.jar;C:\Users\Noora\.m2\repository\com\fasterxml\jackson\datatype\jackson-datatype-jdk8\2.11.4\jackson-datatype-jdk8-2.11.4.jar;C:\Users\Noora\.m2\repository\com\fasterxml\jackson\datatype\jackson-datatype-jsr310\2.11.4\jackson-datatype-jsr310-2.11.4.jar;C:\Users\Noora\.m2\repository\com\fasterxml\jackson\module\jackson-module-parameter-names\2.11.4\jackson-module-parameter-names-2.11.4.jar;C:\Users\Noora\.m2\repository\org\springframework\boot\spring-boot-starter-tomcat\2.4.4\spring-boot-starter-tomcat-2.4.4.jar;C:\Users\Noora\.m2\repository\org\apache\tomcat\embed\
Launcher Type: SUN_STANDARD

[Global flags]
     intx CICompilerCount                          = 3                                         {product} {ergonomic}
     uint ConcGCThreads                            = 1                                         {product} {ergonomic}
     uint G1ConcRefinementThreads                  = 4                                         {product} {ergonomic}
   size_t G1HeapRegionSize                         = 1048576                                   {product} {ergonomic}
    uintx GCDrainStackTargetSize                   = 64                                        {product} {ergonomic}
   size_t InitialHeapSize                          = 134217728                                 {product} {ergonomic}
   size_t MarkStackSize                            = 4194304                                   {product} {ergonomic}
   size_t MaxHeapSize                              = 2122317824                                {product} {ergonomic}
   size_t MaxNewSize                               = 1272971264                                {product} {ergonomic}
   size_t MinHeapDeltaBytes                        = 1048576                                   {product} {ergonomic}
   size_t MinHeapSize                              = 8388608                                   {product} {ergonomic}
    uintx NonNMethodCodeHeapSize                   = 5832780                                {pd product} {ergonomic}
    uintx NonProfiledCodeHeapSize                  = 122912730                              {pd product} {ergonomic}
    uintx ProfiledCodeHeapSize                     = 122912730                              {pd product} {ergonomic}
    uintx ReservedCodeCacheSize                    = 251658240                              {pd product} {ergonomic}
     bool SegmentedCodeCache                       = true                                      {product} {ergonomic}
   size_t SoftMaxHeapSize                          = 2122317824                             {manageable} {ergonomic}
     bool UseCompressedClassPointers               = true                                 {lp64_product} {ergonomic}
     bool UseCompressedOops                        = true                                 {lp64_product} {ergonomic}
     bool UseG1GC                                  = true                                      {product} {ergonomic}
     bool UseLargePagesIndividualAllocation        = false                                  {pd product} {ergonomic}

Logging:
Log output configuration:
 #0: stdout all=warning uptime,level,tags
 #1: stderr all=off uptime,level,tags

Environment Variables:
JAVA_HOME=C:\Program Files\Java\jdk-14.0.2
PATH=C:/Program Files/Java/jdk-14.0.2/bin/server;C:/Program Files/Java/jdk-14.0.2/bin;C:\Python39\Scripts\;C:\Python39\;C:\WINDOWS\system32;C:\WINDOWS;C:\WINDOWS\System32\Wbem;C:\WINDOWS\System32\WindowsPowerShell\v1.0\;C:\Program Files (x86)\Brackets\command;C:\Program Files\Java\jdk-14.0.2\bin;C:\Program Files\PuTTY\;C:\Program Files\nodejs\;C:\ProgramData\chocolatey\bin;C:\Program Files (x86)\Yarn\bin\;C:\Program Files\Git\cmd;C:\Users\Noora\AppData\Local\Microsoft\WindowsApps;C:\Users\Noora\AppData\Roaming\npm;C:\Users\Noora\AppData\Local\Programs\Microsoft VS Code\bin;C:\Users\Noora\AppData\Local\Yarn\bin;C:\WINDOWS\System32;
USERNAME=Noora
OS=Windows_NT
PROCESSOR_IDENTIFIER=Intel64 Family 6 Model 142 Stepping 9, GenuineIntel



---------------  S Y S T E M  ---------------

OS: Windows 10 , 64 bit Build 14393 (10.0.14393.4350)
OS uptime: 5 days 5:38 hours

CPU:total 4 (initial active 4) (2 cores per cpu, 2 threads per core) family 6 model 142 stepping 9, cmov, cx8, fxsr, mmx, sse, sse2, sse3, ssse3, sse4.1, sse4.2, popcnt, avx, avx2, aes, clmul, erms, 3dnowpref, lzcnt, ht, tsc, tscinvbit, bmi1, bmi2, adx, fma

Memory: 4k page, system-wide physical 8089M (1680M free)
TotalPageFile size 13146M (AvailPageFile size 5M)
current process WorkingSet (physical memory assigned to process): 158M, peak: 158M
current process commit charge ("private bytes"): 239M, peak: 240M

vm_info: Java HotSpot(TM) 64-Bit Server VM (14.0.2+12-46) for windows-amd64 JRE (14.0.2+12-46), built on Jul  9 2020 00:35:52 by "mach5one" with MS VC++ 15.9 (VS2017)

END.
